0 info it worked if it ends with ok
1 verbose cli [ 'node', '/usr/local/bin/npm', 'install' ]
2 info using npm@2.12.1
3 info using node@v0.12.7
4 verbose node symlink /usr/local/bin/node
5 verbose readDependencies loading dependencies from /Applications/MAMP/htdocs/react-template/package.json
6 warn package.json fluxapp@1.0.0 No repository field.
7 warn package.json fluxapp@1.0.0 No README data
8 verbose install where, deps [ '/Applications/MAMP/htdocs/react-template',
8 verbose install   [ 'axios',
8 verbose install     'fusioncharts',
8 verbose install     'react',
8 verbose install     'react-dom',
8 verbose install     'react-fusioncharts',
8 verbose install     'browserify',
8 verbose install     'flux',
8 verbose install     'gulp',
8 verbose install     'reactify',
8 verbose install     'vinyl-source-stream',
8 verbose install     'object-assign' ] ]
9 verbose install where, peers [ '/Applications/MAMP/htdocs/react-template', [] ]
10 verbose installManyTop reading for lifecycle /Applications/MAMP/htdocs/react-template/package.json
11 info preinstall fluxapp@1.0.0
12 verbose installManyTop reading scoped package data from /Applications/MAMP/htdocs/react-template/node_modules/axios/package.json
13 verbose installManyTop reading scoped package data from /Applications/MAMP/htdocs/react-template/node_modules/browserify/package.json
14 verbose installManyTop reading scoped package data from /Applications/MAMP/htdocs/react-template/node_modules/flux/package.json
15 verbose installManyTop reading scoped package data from /Applications/MAMP/htdocs/react-template/node_modules/fusioncharts/package.json
16 verbose installManyTop reading scoped package data from /Applications/MAMP/htdocs/react-template/node_modules/gulp/package.json
17 verbose installManyTop reading scoped package data from /Applications/MAMP/htdocs/react-template/node_modules/object-assign/package.json
18 verbose installManyTop reading scoped package data from /Applications/MAMP/htdocs/react-template/node_modules/react/package.json
19 verbose installManyTop reading scoped package data from /Applications/MAMP/htdocs/react-template/node_modules/react-dom/package.json
20 verbose installManyTop reading scoped package data from /Applications/MAMP/htdocs/react-template/node_modules/react-fusioncharts/package.json
21 verbose installManyTop reading scoped package data from /Applications/MAMP/htdocs/react-template/node_modules/reactify/package.json
22 verbose installManyTop reading scoped package data from /Applications/MAMP/htdocs/react-template/node_modules/vinyl-source-stream/package.json
23 info package.json react-fusioncharts@1.0.4 No license field.
24 info package.json fusioncharts@3.12.1 license should be a valid SPDX license expression
25 verbose readDependencies loading dependencies from /Applications/MAMP/htdocs/react-template/package.json
26 verbose targetResolver reading package data from /Applications/MAMP/htdocs/react-template/node_modules/axios/package.json
27 verbose targetResolver reading package data from /Applications/MAMP/htdocs/react-template/node_modules/browserify/package.json
28 verbose targetResolver reading package data from /Applications/MAMP/htdocs/react-template/node_modules/flux/package.json
29 verbose targetResolver reading package data from /Applications/MAMP/htdocs/react-template/node_modules/fusioncharts/package.json
30 verbose targetResolver reading package data from /Applications/MAMP/htdocs/react-template/node_modules/gulp/package.json
31 verbose targetResolver reading package data from /Applications/MAMP/htdocs/react-template/node_modules/object-assign/package.json
32 verbose targetResolver reading package data from /Applications/MAMP/htdocs/react-template/node_modules/react/package.json
33 verbose targetResolver reading package data from /Applications/MAMP/htdocs/react-template/node_modules/react-dom/package.json
34 verbose targetResolver reading package data from /Applications/MAMP/htdocs/react-template/node_modules/react-fusioncharts/package.json
35 verbose targetResolver reading package data from /Applications/MAMP/htdocs/react-template/node_modules/reactify/package.json
36 verbose targetResolver reading package data from /Applications/MAMP/htdocs/react-template/node_modules/vinyl-source-stream/package.json
37 verbose targetResolver reading package data from /Applications/MAMP/htdocs/react-template/node_modules/.bin/browserify/package.json
38 verbose targetResolver reading package data from /Applications/MAMP/htdocs/react-template/node_modules/.bin/gulp/package.json
39 verbose already installed skipping gulp@* /Applications/MAMP/htdocs/react-template
40 verbose already installed skipping reactify@* /Applications/MAMP/htdocs/react-template
41 verbose already installed skipping vinyl-source-stream@* /Applications/MAMP/htdocs/react-template
42 verbose already installed skipping object-assign@* /Applications/MAMP/htdocs/react-template
43 verbose already installed skipping axios@* /Applications/MAMP/htdocs/react-template
44 verbose already installed skipping fusioncharts@* /Applications/MAMP/htdocs/react-template
45 verbose already installed skipping react@* /Applications/MAMP/htdocs/react-template
46 verbose already installed skipping react-dom@* /Applications/MAMP/htdocs/react-template
47 verbose already installed skipping react-fusioncharts@* /Applications/MAMP/htdocs/react-template
48 verbose already installed skipping browserify@* /Applications/MAMP/htdocs/react-template
49 verbose already installed skipping flux@* /Applications/MAMP/htdocs/react-template
50 silly install resolved []
51 info build /Applications/MAMP/htdocs/react-template
52 info linkStuff fluxapp@1.0.0
53 silly linkStuff fluxapp@1.0.0 has /Applications/MAMP/htdocs as its parent node_modules
54 verbose linkBins fluxapp@1.0.0
55 verbose linkMans fluxapp@1.0.0
56 verbose rebuildBundles fluxapp@1.0.0
57 verbose rebuildBundles [ '.bin',
57 verbose rebuildBundles   'axios',
57 verbose rebuildBundles   'browserify',
57 verbose rebuildBundles   'flux',
57 verbose rebuildBundles   'fusioncharts',
57 verbose rebuildBundles   'gulp',
57 verbose rebuildBundles   'object-assign',
57 verbose rebuildBundles   'react',
57 verbose rebuildBundles   'react-dom',
57 verbose rebuildBundles   'react-fusioncharts',
57 verbose rebuildBundles   'reactify',
57 verbose rebuildBundles   'vinyl-source-stream' ]
58 info install fluxapp@1.0.0
59 info postinstall fluxapp@1.0.0
60 info prepublish fluxapp@1.0.0
61 verbose validateInstall loading /Applications/MAMP/htdocs/react-template/package.json for validation
62 verbose stack Error: The package react does not satisfy its siblings' peerDependencies requirements!
62 verbose stack     at /usr/local/lib/node_modules/npm/lib/install.js:125:32
62 verbose stack     at /usr/local/lib/node_modules/npm/lib/install.js:267:7
62 verbose stack     at /usr/local/lib/node_modules/npm/node_modules/read-installed/read-installed.js:142:5
62 verbose stack     at /usr/local/lib/node_modules/npm/node_modules/read-installed/read-installed.js:263:14
62 verbose stack     at cb (/usr/local/lib/node_modules/npm/node_modules/slide/lib/async-map.js:47:24)
62 verbose stack     at /usr/local/lib/node_modules/npm/node_modules/read-installed/read-installed.js:263:14
62 verbose stack     at cb (/usr/local/lib/node_modules/npm/node_modules/slide/lib/async-map.js:47:24)
62 verbose stack     at /usr/local/lib/node_modules/npm/node_modules/read-installed/read-installed.js:263:14
62 verbose stack     at cb (/usr/local/lib/node_modules/npm/node_modules/slide/lib/async-map.js:47:24)
62 verbose stack     at /usr/local/lib/node_modules/npm/node_modules/read-installed/read-installed.js:263:14
63 verbose cwd /Applications/MAMP/htdocs/react-template
64 error Darwin 14.4.0
65 error argv "node" "/usr/local/bin/npm" "install"
66 error node v0.12.7
67 error npm  v2.12.1
68 error code EPEERINVALID
69 error peerinvalid The package react does not satisfy its siblings' peerDependencies requirements!
69 error peerinvalid Peer react-dom@0.14.9 wants react@^0.14.9
69 error peerinvalid Peer react-fusioncharts@1.0.4 wants react@^0.14.0
69 error peerinvalid Peer flux@3.1.2 wants react@^15.0.2
70 verbose exit [ 1, true ]
